# JRE version: OpenJDK Runtime Environment (8.0_242-b01) (build 1.8.0_242-release-1644-b01)
# Java VM: OpenJDK 64-Bit Server VM (25.242-b01 mixed mode windows-amd64 compressed oops)
Heap:
 PSYoungGen      total 673280K, used 159546K [0x00000000d5580000, 0x00000000ffe80000, 0x0000000100000000)
  eden space 649728K, 24% used [0x00000000d5580000,0x00000000df14e880,0x00000000fd000000)
  from space 23552K, 0% used [0x00000000fd000000,0x00000000fd000000,0x00000000fe700000)
  to   space 22528K, 0% used [0x00000000fe880000,0x00000000fe880000,0x00000000ffe80000)
 ParOldGen       total 122368K, used 31856K [0x0000000080000000, 0x0000000087780000, 0x00000000d5580000)
  object space 122368K, 26% used [0x0000000080000000,0x0000000081f1c128,0x0000000087780000)
 Metaspace       used 66233K, capacity 69026K, committed 69376K, reserved 1110016K
  class space    used 8594K, capacity 9152K, committed 9216K, reserved 1048576K
GC Heap History (10 events):
Event: 65.931 GC heap before
{Heap before GC invocations=32 (full 2):
 PSYoungGen      total 667136K, used 666675K [0x00000000d5580000, 0x0000000100000000, 0x0000000100000000)
  eden space 650752K, 100% used [0x00000000d5580000,0x00000000fd100000,0x00000000fd100000)
  from space 16384K, 97% used [0x00000000fd100000,0x00000000fe08cd28,0x00000000fe100000)
  to   space 24576K, 0% used [0x00000000fe800000,0x00000000fe800000,0x0000000100000000)
 ParOldGen       total 82944K, used 45128K [0x0000000080000000, 0x0000000085100000, 0x00000000d5580000)
  object space 82944K, 54% used [0x0000000080000000,0x0000000082c12348,0x0000000085100000)
 Metaspace       used 50282K, capacity 52412K, committed 52608K, reserved 1095680K
  class space    used 6488K, capacity 6919K, committed 7040K, reserved 1048576K
Event: 65.954 GC heap after
Heap after GC invocations=32 (full 2):
 PSYoungGen      total 674816K, used 5952K [0x00000000d5580000, 0x0000000100000000, 0x0000000100000000)
  eden space 650240K, 0% used [0x00000000d5580000,0x00000000d5580000,0x00000000fd080000)
  from space 24576K, 24% used [0x00000000fe800000,0x00000000fedd0010,0x0000000100000000)
  to   space 24064K, 0% used [0x00000000fd080000,0x00000000fd080000,0x00000000fe800000)
 ParOldGen       total 82944K, used 55128K [0x0000000080000000, 0x0000000085100000, 0x00000000d5580000)
  object space 82944K, 66% used [0x0000000080000000,0x00000000835d6098,0x0000000085100000)
 Metaspace       used 50282K, capacity 52412K, committed 52608K, reserved 1095680K
  class space    used 6488K, capacity 6919K, committed 7040K, reserved 1048576K
}
Event: 68.892 GC heap before
{Heap before GC invocations=33 (full 2):
 PSYoungGen      total 674816K, used 656192K [0x00000000d5580000, 0x0000000100000000, 0x0000000100000000)
  eden space 650240K, 100% used [0x00000000d5580000,0x00000000fd080000,0x00000000fd080000)
  from space 24576K, 24% used [0x00000000fe800000,0x00000000fedd0010,0x0000000100000000)
  to   space 24064K, 0% used [0x00000000fd080000,0x00000000fd080000,0x00000000fe800000)
 ParOldGen       total 82944K, used 55128K [0x0000000080000000, 0x0000000085100000, 0x00000000d5580000)
  object space 82944K, 66% used [0x0000000080000000,0x00000000835d6098,0x0000000085100000)
 Metaspace       used 50282K, capacity 52412K, committed 52608K, reserved 1095680K
  class space    used 6488K, capacity 6919K, committed 7040K, reserved 1048576K
Event: 68.902 GC heap after
Heap after GC invocations=33 (full 2):
 PSYoungGen      total 660480K, used 10112K [0x00000000d5580000, 0x00000000ffd80000, 0x0000000100000000)
  eden space 650240K, 0% used [0x00000000d5580000,0x00000000d5580000,0x00000000fd080000)
  from space 10240K, 98% used [0x00000000fd080000,0x00000000fda60010,0x00000000fda80000)
  to   space 23040K, 0% used [0x00000000fe700000,0x00000000fe700000,0x00000000ffd80000)
 ParOldGen       total 82944K, used 55682K [0x0000000080000000, 0x0000000085100000, 0x00000000d5580000)
  object space 82944K, 67% used [0x0000000080000000,0x0000000083660ac0,0x0000000085100000)
 Metaspace       used 50282K, capacity 52412K, committed 52608K, reserved 1095680K
  class space    used 6488K, capacity 6919K, committed 7040K, reserved 1048576K
}
Event: 76.974 GC heap before
{Heap before GC invocations=34 (full 2):
 PSYoungGen      total 660480K, used 660352K [0x00000000d5580000, 0x00000000ffd80000, 0x0000000100000000)
  eden space 650240K, 100% used [0x00000000d5580000,0x00000000fd080000,0x00000000fd080000)
  from space 10240K, 98% used [0x00000000fd080000,0x00000000fda60010,0x00000000fda80000)
  to   space 23040K, 0% used [0x00000000fe700000,0x00000000fe700000,0x00000000ffd80000)
 ParOldGen       total 82944K, used 55682K [0x0000000080000000, 0x0000000085100000, 0x00000000d5580000)
  object space 82944K, 67% used [0x0000000080000000,0x0000000083660ac0,0x0000000085100000)
 Metaspace       used 50374K, capacity 52560K, committed 52864K, reserved 1095680K
  class space    used 6488K, capacity 6919K, committed 7040K, reserved 1048576K
Event: 76.978 GC heap after
Heap after GC invocations=34 (full 2):
 PSYoungGen      total 672768K, used 1632K [0x00000000d5580000, 0x0000000100000000, 0x0000000100000000)
  eden space 649728K, 0% used [0x00000000d5580000,0x00000000d5580000,0x00000000fd000000)
  from space 23040K, 7% used [0x00000000fe700000,0x00000000fe898000,0x00000000ffd80000)
  to   space 23552K, 0% used [0x00000000fd000000,0x00000000fd000000,0x00000000fe700000)
 ParOldGen       total 82944K, used 55690K [0x0000000080000000, 0x0000000085100000, 0x00000000d5580000)
  object space 82944K, 67% used [0x0000000080000000,0x0000000083662ac0,0x0000000085100000)
 Metaspace       used 50374K, capacity 52560K, committed 52864K, reserved 1095680K
  class space    used 6488K, capacity 6919K, committed 7040K, reserved 1048576K
}
Event: 79.634 GC heap before
{Heap before GC invocations=35 (full 2):
 PSYoungGen      total 672768K, used 231862K [0x00000000d5580000, 0x0000000100000000, 0x0000000100000000)
  eden space 649728K, 35% used [0x00000000d5580000,0x00000000e3655820,0x00000000fd000000)
  from space 23040K, 7% used [0x00000000fe700000,0x00000000fe898000,0x00000000ffd80000)
  to   space 23552K, 0% used [0x00000000fd000000,0x00000000fd000000,0x00000000fe700000)
 ParOldGen       total 82944K, used 55690K [0x0000000080000000, 0x0000000085100000, 0x00000000d5580000)
  object space 82944K, 67% used [0x0000000080000000,0x0000000083662ac0,0x0000000085100000)
 Metaspace       used 56706K, capacity 59022K, committed 59160K, reserved 1101824K
  class space    used 7283K, capacity 7732K, committed 7808K, reserved 1048576K
Event: 79.645 GC heap after
Heap after GC invocations=35 (full 2):
 PSYoungGen      total 673280K, used 8281K [0x00000000d5580000, 0x00000000ffe80000, 0x0000000100000000)
  eden space 649728K, 0% used [0x00000000d5580000,0x00000000d5580000,0x00000000fd000000)
  from space 23552K, 35% used [0x00000000fd000000,0x00000000fd8166c0,0x00000000fe700000)
  to   space 22528K, 0% used [0x00000000fe880000,0x00000000fe880000,0x00000000ffe80000)
 ParOldGen       total 82944K, used 55698K [0x0000000080000000, 0x0000000085100000, 0x00000000d5580000)
  object space 82944K, 67% used [0x0000000080000000,0x0000000083664ac0,0x0000000085100000)
 Metaspace       used 56706K, capacity 59022K, committed 59160K, reserved 1101824K
  class space    used 7283K, capacity 7732K, committed 7808K, reserved 1048576K
}
Event: 79.645 GC heap before
{Heap before GC invocations=36 (full 3):
 PSYoungGen      total 673280K, used 8281K [0x00000000d5580000, 0x00000000ffe80000, 0x0000000100000000)
  eden space 649728K, 0% used [0x00000000d5580000,0x00000000d5580000,0x00000000fd000000)
  from space 23552K, 35% used [0x00000000fd000000,0x00000000fd8166c0,0x00000000fe700000)
  to   space 22528K, 0% used [0x00000000fe880000,0x00000000fe880000,0x00000000ffe80000)
 ParOldGen       total 82944K, used 55698K [0x0000000080000000, 0x0000000085100000, 0x00000000d5580000)
  object space 82944K, 67% used [0x0000000080000000,0x0000000083664ac0,0x0000000085100000)
 Metaspace       used 56706K, capacity 59022K, committed 59160K, reserved 1101824K
  class space    used 7283K, capacity 7732K, committed 7808K, reserved 1048576K
Event: 79.953 GC heap after
Heap after GC invocations=36 (full 3):
 PSYoungGen      total 673280K, used 0K [0x00000000d5580000, 0x00000000ffe80000, 0x0000000100000000)
  eden space 649728K, 0% used [0x00000000d5580000,0x00000000d5580000,0x00000000fd000000)
  from space 23552K, 0% used [0x00000000fd000000,0x00000000fd000000,0x00000000fe700000)
  to   space 22528K, 0% used [0x00000000fe880000,0x00000000fe880000,0x00000000ffe80000)
 ParOldGen       total 122368K, used 31856K [0x0000000080000000, 0x0000000087780000, 0x00000000d5580000)
  object space 122368K, 26% used [0x0000000080000000,0x0000000081f1c128,0x0000000087780000)
 Metaspace       used 56610K, capacity 58852K, committed 59160K, reserved 1101824K
  class space    used 7254K, capacity 7698K, committed 7808K, reserved 1048576K
}

